<?xml version="1.0" encoding="UTF-8"?>
<!-- Generated by org.testng.reporters.JUnitXMLReporter -->
<testsuite hostname="DESKTOP-HGGBPMG" ignored="0" name="Undrotres_firefox" tests="1" failures="0" timestamp="2021-08-16T19:05:43 IST" time="0.758" errors="0">
  <testcase name="@BeforeTest launch" time="-1.629120942957E9" classname="com.automation.testbase.TestBase">
    <failure type="org.testng.TestNGException" message="
Can inject only one of &amp;lt;ITestContext, XmlTest&amp;gt; into a @BeforeTest annotated launch.
For more information on native dependency injection please refer to https://testng.org/doc/documentation-main.html#native-dependency-injection">
      <![CDATA[org.testng.TestNGException: 
Can inject only one of <ITestContext, XmlTest> into a @BeforeTest annotated launch.
For more information on native dependency injection please refer to https://testng.org/doc/documentation-main.html#native-dependency-injection
at java.util.concurrent.FutureTask.run(FutureTask.java:266)
at java.util.concurrent.ThreadPoolExecutor.runWorker(ThreadPoolExecutor.java:1149)
at java.util.concurrent.ThreadPoolExecutor$Worker.run(ThreadPoolExecutor.java:624)
at java.lang.Thread.run(Thread.java:748)
... Removed 12 stack frames]]>
    </failure>
  </testcase> <!-- @BeforeTest launch -->
  <testcase name="rechargeDetails" time="0.0" classname="com.automation.testscript.Recharge_TC">
    <skipped/>
  </testcase> <!-- rechargeDetails -->
</testsuite> <!-- Undrotres_firefox -->
