<?xml version="1.0" encoding="UTF-8"?>
<!-- Generated by org.testng.reporters.JUnitXMLReporter -->
<testsuite hostname="DESKTOP-HGGBPMG" ignored="0" name="Undrotres" tests="1" failures="1" timestamp="2021-08-16T23:07:48 IST" time="68.505" errors="0">
  <testcase name="mobileRecharge" time="60.265" classname="com.automation.testscript.Recharge_TC">
    <failure type="java.lang.AssertionError" message="expected [recharge get successful] but found [Tu cuenta ha sido bloqueada por favor reinicia contraseña]">
      <![CDATA[java.lang.AssertionError: expected [recharge get successful] but found [Tu cuenta ha sido bloqueada por favor reinicia contraseña]
at com.automation.testscript.Recharge_TC.mobileRecharge(Recharge_TC.java:79)
at java.util.ArrayList.forEach(ArrayList.java:1259)
... Removed 33 stack frames]]>
    </failure>
  </testcase> <!-- mobileRecharge -->
</testsuite> <!-- Undrotres -->
