<?xml version="1.0" encoding="UTF-8"?>
<testng-results skipped="0" failed="1" ignored="0" total="1" passed="0">
  <reporter-output>
  </reporter-output>
  <suite name="UndrotresSuite" duration-ms="68505" started-at="2021-08-16T23:06:39 IST" finished-at="2021-08-16T23:07:48 IST">
    <groups>
    </groups>
    <test name="Undrotres" duration-ms="68505" started-at="2021-08-16T23:06:39 IST" finished-at="2021-08-16T23:07:48 IST">
      <class name="com.automation.testscript.Recharge_TC">
        <test-method status="PASS" signature="launch()[pri:0, instance:com.automation.testscript.Recharge_TC@b7f23d9]" name="launch" is-config="true" duration-ms="7227" started-at="2021-08-16T23:06:39 IST" finished-at="2021-08-16T23:06:47 IST">
          <reporter-output>
          </reporter-output>
        </test-method> <!-- launch -->
        <test-method status="FAIL" signature="mobileRecharge(java.lang.String, java.lang.String, java.lang.String, java.lang.String, java.lang.String, java.lang.String, java.lang.String, java.lang.String, java.lang.String, java.lang.String, java.lang.String, java.lang.String)[pri:0, instance:com.automation.testscript.Recharge_TC@b7f23d9]" name="mobileRecharge" duration-ms="60265" started-at="2021-08-16T23:06:47 IST" data-provider="rechargedetails" finished-at="2021-08-16T23:07:48 IST">
          <params>
            <param index="0">
              <value>
                <![CDATA[Y]]>
              </value>
            </param>
            <param index="1">
              <value>
                <![CDATA[Telcel]]>
              </value>
            </param>
            <param index="2">
              <value>
                <![CDATA[8465433546]]>
              </value>
            </param>
            <param index="3">
              <value>
                <![CDATA[$10]]>
              </value>
            </param>
            <param index="4">
              <value>
                <![CDATA[Recarga Celular]]>
              </value>
            </param>
            <param index="5">
              <value>
                <![CDATA[Resumen de la compra]]>
              </value>
            </param>
            <param index="6">
              <value>
                <![CDATA[4111111111111111]]>
              </value>
            </param>
            <param index="7">
              <value>
                <![CDATA[11]]>
              </value>
            </param>
            <param index="8">
              <value>
                <![CDATA[25]]>
              </value>
            </param>
            <param index="9">
              <value>
                <![CDATA[111]]>
              </value>
            </param>
            <param index="10">
              <value>
                <![CDATA[test@test.com]]>
              </value>
            </param>
            <param index="11">
              <value>
                <![CDATA[recharge get successful]]>
              </value>
            </param>
          </params>
          <exception class="java.lang.AssertionError">
            <message>
              <![CDATA[expected [recharge get successful] but found [Tu cuenta ha sido bloqueada por favor reinicia contraseña]]]>
            </message>
            <full-stacktrace>
              <![CDATA[java.lang.AssertionError: expected [recharge get successful] but found [Tu cuenta ha sido bloqueada por favor reinicia contraseña]
at org.testng.Assert.fail(Assert.java:99)
at org.testng.Assert.failNotEquals(Assert.java:1037)
at org.testng.Assert.assertEqualsImpl(Assert.java:140)
at org.testng.Assert.assertEquals(Assert.java:122)
at org.testng.Assert.assertEquals(Assert.java:629)
at org.testng.Assert.assertEquals(Assert.java:639)
at com.automation.testscript.Recharge_TC.mobileRecharge(Recharge_TC.java:79)
at sun.reflect.NativeMethodAccessorImpl.invoke0(Native Method)
at sun.reflect.NativeMethodAccessorImpl.invoke(NativeMethodAccessorImpl.java:62)
at sun.reflect.DelegatingMethodAccessorImpl.invoke(DelegatingMethodAccessorImpl.java:43)
at java.lang.reflect.Method.invoke(Method.java:498)
at org.testng.internal.MethodInvocationHelper.invokeMethod(MethodInvocationHelper.java:132)
at org.testng.internal.TestInvoker.invokeMethod(TestInvoker.java:599)
at org.testng.internal.TestInvoker.invokeTestMethod(TestInvoker.java:174)
at org.testng.internal.MethodRunner.runInSequence(MethodRunner.java:46)
at org.testng.internal.TestInvoker$MethodInvocationAgent.invoke(TestInvoker.java:822)
at org.testng.internal.TestInvoker.invokeTestMethods(TestInvoker.java:147)
at org.testng.internal.TestMethodWorker.invokeTestMethods(TestMethodWorker.java:146)
at org.testng.internal.TestMethodWorker.run(TestMethodWorker.java:128)
at java.util.ArrayList.forEach(ArrayList.java:1259)
at org.testng.TestRunner.privateRun(TestRunner.java:764)
at org.testng.TestRunner.run(TestRunner.java:585)
at org.testng.SuiteRunner.runTest(SuiteRunner.java:384)
at org.testng.SuiteRunner.runSequentially(SuiteRunner.java:378)
at org.testng.SuiteRunner.privateRun(SuiteRunner.java:337)
at org.testng.SuiteRunner.run(SuiteRunner.java:286)
at org.testng.SuiteRunnerWorker.runSuite(SuiteRunnerWorker.java:53)
at org.testng.SuiteRunnerWorker.run(SuiteRunnerWorker.java:96)
at org.testng.TestNG.runSuitesSequentially(TestNG.java:1218)
at org.testng.TestNG.runSuitesLocally(TestNG.java:1140)
at org.testng.TestNG.runSuites(TestNG.java:1069)
at org.testng.TestNG.run(TestNG.java:1037)
at org.testng.remote.AbstractRemoteTestNG.run(AbstractRemoteTestNG.java:115)
at org.testng.remote.RemoteTestNG.initAndRun(RemoteTestNG.java:251)
at org.testng.remote.RemoteTestNG.main(RemoteTestNG.java:77)
]]>
            </full-stacktrace>
          </exception> <!-- java.lang.AssertionError -->
          <reporter-output>
          </reporter-output>
        </test-method> <!-- mobileRecharge -->
        <test-method status="PASS" signature="teardown()[pri:0, instance:com.automation.testscript.Recharge_TC@b7f23d9]" name="teardown" is-config="true" duration-ms="770" started-at="2021-08-16T23:07:48 IST" finished-at="2021-08-16T23:07:49 IST">
          <reporter-output>
          </reporter-output>
        </test-method> <!-- teardown -->
      </class> <!-- com.automation.testscript.Recharge_TC -->
    </test> <!-- Undrotres -->
  </suite> <!-- UndrotresSuite -->
</testng-results>
